#
# There is insufficient memory for the Java Runtime Environment to continue.
# Native memory allocation (mmap) failed to map 67108864 bytes. Error detail: G1 virtual space
# Possible reasons:
#   The system is out of physical RAM or swap space
#   This process is running with CompressedOops enabled, and the Java Heap may be blocking the growth of the native heap
# Possible solutions:
#   Reduce memory load on the system
#   Increase physical memory or swap space
#   Check if swap backing store is full
#   Decrease Java heap size (-Xmx/-Xms)
#   Decrease number of Java threads
#   Decrease Java thread stack sizes (-Xss)
#   Set larger code cache with -XX:ReservedCodeCacheSize=
#   JVM is running with Unscaled Compressed Oops mode in which the Java heap is
#     placed in the first 4GB address space. The Java Heap base address is the
#     maximum limit for the native heap growth. Please use -XX:HeapBaseMinAddress
#     to set the Java Heap base and to place the Java Heap above 4GB virtual address.
# This output file may be truncated or incomplete.
#
#  Out of Memory Error (os_windows.cpp:3618), pid=17940, tid=18992
#
# JRE version:  (17.0.15+6) (build )
# Java VM: OpenJDK 64-Bit Server VM (17.0.15+6, mixed mode, sharing, tiered, compressed oops, compressed class ptrs, g1 gc, windows-amd64)
# No core dump will be written. Minidumps are not enabled by default on client versions of Windows
#

---------------  S U M M A R Y ------------

Command Line: -Xmx64m -Xms64m -Dorg.gradle.appname=gradlew C:\Users\sysdev_arpan\GIG_Tech\android\\gradle\wrapper\gradle-wrapper.jar app:installDebug -PreactNativeDevServerPort=8081

Host: Intel(R) Core(TM) i3-10105 CPU @ 3.70GHz, 8 cores, 7G,  Windows 11 , 64 bit Build 26100 (10.0.26100.4768)
Time: Fri Sep 12 11:50:05 2025 India Standard Time elapsed time: 1.102039 seconds (0d 0h 0m 1s)

---------------  T H R E A D  ---------------

Current thread (0x0000015dd8c1e7a0):  JavaThread "Unknown thread" [_thread_in_vm, id=18992, stack(0x000000367a500000,0x000000367a600000)]

Stack: [0x000000367a500000,0x000000367a600000]
Native frames: (J=compiled Java code, j=interpreted, Vv=VM code, C=native code)
V  [jvm.dll+0x682fc9]
V  [jvm.dll+0x839878]
V  [jvm.dll+0x83b323]
V  [jvm.dll+0x83b993]
V  [jvm.dll+0x24725f]
V  [jvm.dll+0x67fda9]
V  [jvm.dll+0x674c9a]
V  [jvm.dll+0x304d06]
V  [jvm.dll+0x30c1c6]
V  [jvm.dll+0x35dd4e]
V  [jvm.dll+0x35df8d]
V  [jvm.dll+0x2dc0cc]
V  [jvm.dll+0x2dcfe4]
V  [jvm.dll+0x80b7cb]
V  [jvm.dll+0x36b781]
V  [jvm.dll+0x7ea31f]
V  [jvm.dll+0x3f237e]
V  [jvm.dll+0x3f3eb1]
C  [jli.dll+0x5278]
C  [ucrtbase.dll+0x37b0]
C  [KERNEL32.DLL+0x2e8d7]
C  [ntdll.dll+0x3c34c]


---------------  P R O C E S S  ---------------

Threads class SMR info:
_java_thread_list=0x00007ff97bd37f58, length=0, elements={
}

Java Threads: ( => current thread )

Other Threads:
  0x0000015dd904a620 GCTaskThread "GC Thread#0" [stack: 0x000000367a600000,0x000000367a700000] [id=4252]
  0x0000015dd904bd70 ConcurrentGCThread "G1 Main Marker" [stack: 0x000000367a700000,0x000000367a800000] [id=17748]
  0x0000015dd904dc00 ConcurrentGCThread "G1 Conc#0" [stack: 0x000000367a800000,0x000000367a900000] [id=21172]

[error occurred during error reporting (printing all threads), id 0xc0000005, EXCEPTION_ACCESS_VIOLATION (0xc0000005) at pc=0x00007ff97b4ecbf7]

VM state: not at safepoint (not fully initialized)

VM Mutex/Monitor currently owned by a thread:  ([mutex/lock_event])
[0x0000015dd8c1add0] Heap_lock - owner thread: 0x0000015dd8c1e7a0

Heap address: 0x00000000fc000000, size: 64 MB, Compressed Oops mode: 32-bit

CDS archive(s) mapped at: [0x0000000000000000-0x0000000000000000-0x0000000000000000), size 0, SharedBaseAddress: 0x0000000800000000, ArchiveRelocationMode: 1.
Narrow klass base: 0x0000000000000000, Narrow klass shift: 0, Narrow klass range: 0x0

GC Precious Log:
<Empty>

Heap:
 garbage-first heap   total 0K, used 0K [0x00000000fc000000, 0x0000000100000000)
  region size 1024K, 0 young (0K), 0 survivors (0K)

[error occurred during error reporting (printing heap information), id 0xc0000005, EXCEPTION_ACCESS_VIOLATION (0xc0000005) at pc=0x00007ff97b8dc689]

GC Heap History (0 events):
No events

Dll operation events (1 events):
Event: 0.014 Loaded shared library C:\Users\sysdev_arpan\AppData\Local\Programs\Eclipse Adoptium\jdk-17.0.15.6-hotspot\bin\java.dll

Deoptimization events (0 events):
No events

Classes loaded (0 events):
No events

Classes unloaded (0 events):
No events

Classes redefined (0 events):
No events

Internal exceptions (0 events):
No events

VM Operations (0 events):
No events

Memory protections (0 events):
No events

Nmethod flushes (0 events):
No events

Events (0 events):
No events


Dynamic libraries:
0x00007ff634c20000 - 0x00007ff634c2e000 	C:\Users\sysdev_arpan\AppData\Local\Programs\Eclipse Adoptium\jdk-17.0.15.6-hotspot\bin\java.exe
0x00007ffa2d4a0000 - 0x00007ffa2d707000 	C:\WINDOWS\SYSTEM32\ntdll.dll
0x00007ffa2bc30000 - 0x00007ffa2bcf9000 	C:\WINDOWS\System32\KERNEL32.DLL
0x00007ffa2a5d0000 - 0x00007ffa2a9c0000 	C:\WINDOWS\System32\KERNELBASE.dll
0x00007ffa2ab10000 - 0x00007ffa2ac5b000 	C:\WINDOWS\System32\ucrtbase.dll
0x00007ffa10680000 - 0x00007ffa1069e000 	C:\Users\sysdev_arpan\AppData\Local\Programs\Eclipse Adoptium\jdk-17.0.15.6-hotspot\bin\VCRUNTIME140.dll
0x00007ffa1af40000 - 0x00007ffa1af57000 	C:\Users\sysdev_arpan\AppData\Local\Programs\Eclipse Adoptium\jdk-17.0.15.6-hotspot\bin\jli.dll
0x00007ffa2ce00000 - 0x00007ffa2cfc5000 	C:\WINDOWS\System32\USER32.dll
0x00007ffa2ade0000 - 0x00007ffa2ae07000 	C:\WINDOWS\System32\win32u.dll
0x00007ffa14e70000 - 0x00007ffa1510a000 	C:\WINDOWS\WinSxS\amd64_microsoft.windows.common-controls_6595b64144ccf1df_6.0.26100.4768_none_3e0c112ce331287c\COMCTL32.dll
0x00007ffa2ccb0000 - 0x00007ffa2ccdb000 	C:\WINDOWS\System32\GDI32.dll
0x00007ffa2b0f0000 - 0x00007ffa2b228000 	C:\WINDOWS\System32\gdi32full.dll
0x00007ffa2c1a0000 - 0x00007ffa2c249000 	C:\WINDOWS\System32\msvcrt.dll
0x00007ffa2aa60000 - 0x00007ffa2ab03000 	C:\WINDOWS\System32\msvcp_win.dll
0x00007ffa2bff0000 - 0x00007ffa2c01f000 	C:\WINDOWS\System32\IMM32.DLL
0x00007ffa11810000 - 0x00007ffa1181c000 	C:\Users\sysdev_arpan\AppData\Local\Programs\Eclipse Adoptium\jdk-17.0.15.6-hotspot\bin\vcruntime140_1.dll
0x00007ff9ce2d0000 - 0x00007ff9ce35d000 	C:\Users\sysdev_arpan\AppData\Local\Programs\Eclipse Adoptium\jdk-17.0.15.6-hotspot\bin\msvcp140.dll
0x00007ff97b200000 - 0x00007ff97be6b000 	C:\Users\sysdev_arpan\AppData\Local\Programs\Eclipse Adoptium\jdk-17.0.15.6-hotspot\bin\server\jvm.dll
0x00007ffa2c250000 - 0x00007ffa2c304000 	C:\WINDOWS\System32\ADVAPI32.dll
0x00007ffa2b390000 - 0x00007ffa2b436000 	C:\WINDOWS\System32\sechost.dll
0x00007ffa2cce0000 - 0x00007ffa2cdf8000 	C:\WINDOWS\System32\RPCRT4.dll
0x00007ffa2b460000 - 0x00007ffa2b4d4000 	C:\WINDOWS\System32\WS2_32.dll
0x00007ffa2a430000 - 0x00007ffa2a48e000 	C:\WINDOWS\SYSTEM32\POWRPROF.dll
0x00007ffa18b50000 - 0x00007ffa18b85000 	C:\WINDOWS\SYSTEM32\WINMM.dll
0x00007ffa24890000 - 0x00007ffa2489b000 	C:\WINDOWS\SYSTEM32\VERSION.dll
0x00007ffa2a410000 - 0x00007ffa2a424000 	C:\WINDOWS\SYSTEM32\UMPDC.dll
0x00007ffa29310000 - 0x00007ffa2932b000 	C:\WINDOWS\SYSTEM32\kernel.appcore.dll
0x00007ffa10080000 - 0x00007ffa1008a000 	C:\Users\sysdev_arpan\AppData\Local\Programs\Eclipse Adoptium\jdk-17.0.15.6-hotspot\bin\jimage.dll
0x00007ff9fcf60000 - 0x00007ff9fd1a1000 	C:\WINDOWS\SYSTEM32\DBGHELP.DLL
0x00007ffa2d0d0000 - 0x00007ffa2d455000 	C:\WINDOWS\System32\combase.dll
0x00007ffa2ba90000 - 0x00007ffa2bb70000 	C:\WINDOWS\System32\OLEAUT32.dll
0x00007ffa13270000 - 0x00007ffa132b3000 	C:\WINDOWS\SYSTEM32\dbgcore.DLL
0x00007ffa2aed0000 - 0x00007ffa2af69000 	C:\WINDOWS\System32\bcryptPrimitives.dll
0x00007ff9dd530000 - 0x00007ff9dd555000 	C:\Users\sysdev_arpan\AppData\Local\Programs\Eclipse Adoptium\jdk-17.0.15.6-hotspot\bin\java.dll

dbghelp: loaded successfully - version: 4.0.5 - missing functions: none
symbol engine: initialized successfully - sym options: 0x614 - pdb path: .;C:\Users\sysdev_arpan\AppData\Local\Programs\Eclipse Adoptium\jdk-17.0.15.6-hotspot\bin;C:\WINDOWS\SYSTEM32;C:\WINDOWS\WinSxS\amd64_microsoft.windows.common-controls_6595b64144ccf1df_6.0.26100.4768_none_3e0c112ce331287c;C:\Users\sysdev_arpan\AppData\Local\Programs\Eclipse Adoptium\jdk-17.0.15.6-hotspot\bin\server

VM Arguments:
jvm_args: -Xmx64m -Xms64m -Dorg.gradle.appname=gradlew 
java_command: C:\Users\sysdev_arpan\GIG_Tech\android\\gradle\wrapper\gradle-wrapper.jar app:installDebug -PreactNativeDevServerPort=8081
java_class_path (initial): C:\Users\sysdev_arpan\GIG_Tech\android\\gradle\wrapper\gradle-wrapper.jar
Launcher Type: SUN_STANDARD

[Global flags]
     intx CICompilerCount                          = 4                                         {product} {ergonomic}
     uint ConcGCThreads                            = 2                                         {product} {ergonomic}
     uint G1ConcRefinementThreads                  = 8                                         {product} {ergonomic}
   size_t G1HeapRegionSize                         = 1048576                                   {product} {ergonomic}
    uintx GCDrainStackTargetSize                   = 64                                        {product} {ergonomic}
   size_t InitialHeapSize                          = 67108864                                  {product} {command line}
   size_t MarkStackSize                            = 4194304                                   {product} {ergonomic}
   size_t MaxHeapSize                              = 67108864                                  {product} {command line}
   size_t MinHeapDeltaBytes                        = 1048576                                   {product} {ergonomic}
   size_t MinHeapSize                              = 67108864                                  {product} {command line}
    uintx NonNMethodCodeHeapSize                   = 5839372                                {pd product} {ergonomic}
    uintx NonProfiledCodeHeapSize                  = 122909434                              {pd product} {ergonomic}
    uintx ProfiledCodeHeapSize                     = 122909434                              {pd product} {ergonomic}
    uintx ReservedCodeCacheSize                    = 251658240                              {pd product} {ergonomic}
     bool SegmentedCodeCache                       = true                                      {product} {ergonomic}
   size_t SoftMaxHeapSize                          = 67108864                               {manageable} {ergonomic}
     bool UseCompressedClassPointers               = true                           {product lp64_product} {ergonomic}
     bool UseCompressedOops                        = true                           {product lp64_product} {ergonomic}
     bool UseG1GC                                  = true                                      {product} {ergonomic}
     bool UseLargePagesIndividualAllocation        = false                                  {pd product} {ergonomic}

Logging:
Log output configuration:
 #0: stdout all=warning uptime,level,tags
 #1: stderr all=off uptime,level,tags

Environment Variables:
JAVA_HOME=C:\Users\sysdev_arpan\AppData\Local\Programs\Eclipse Adoptium\jdk-17.0.15.6-hotspot
PATH=C:\Users\sysdev_arpan\GIG_Tech\node_modules\.bin;C:\Users\sysdev_arpan\GIG_Tech\node_modules\.bin;C:\Users\sysdev_arpan\node_modules\.bin;C:\Users\node_modules\.bin;C:\node_modules\.bin;C:\Program Files\nodejs\node_modules\npm\node_modules\@npmcli\run-script\lib\node-gyp-bin;C:\Program Files\Common Files\Oracle\Java\javapath;C:\WINDOWS\system32;C:\WINDOWS;C:\WINDOWS\System32\Wbem;C:\WINDOWS\System32\WindowsPowerShell\v1.0\;C:\WINDOWS\System32\OpenSSH\;C:\Program Files\Git\cmd;C:\Program Files\nodejs\;C:\Users\sysdev_arpan\AppData\Local\Programs\Eclipse Adoptium\jdk-17.0.15.6-hotspot\bin;C:\Users\sysdev_arpan\AppData\Local\Android\Sdk\platform-tools;C:\Users\sysdev_arpan\AppData\Local\Android\Sdk\emulator;C:\Users\sysdev_arpan\AppData\Local\Android\Sdk\tools;C:\Users\sysdev_arpan\AppData\Local\Programs\Eclipse Adoptium\jdk-17.0.15.6-hotspot\bin;C:\Users\sysdev_arpan\AppData\Local\Programs\Eclipse Adoptium\jdk-11.0.27.6-hotspot\bin;C:\Users\sysdev_arpan\AppData\Local\Microsoft\WindowsApps;C:\Users\sysdev_arpan\AppData\Local\GitHubDesktop\bin;C:\Users\sysdev_arpan\AppData\Roaming\npm;C:\Users\sysdev_arpan\AppData\Local\Programs\Microsoft VS Code\bin
USERNAME=sysdev_arpan
OS=Windows_NT
PROCESSOR_IDENTIFIER=Intel64 Family 6 Model 165 Stepping 3, GenuineIntel
TMP=C:\Users\SYSDEV~1\AppData\Local\Temp
TEMP=C:\Users\SYSDEV~1\AppData\Local\Temp



Periodic native trim disabled


---------------  S Y S T E M  ---------------

OS:
 Windows 11 , 64 bit Build 26100 (10.0.26100.4768)
OS uptime: 4 days 1:24 hours
Hyper-V role detected

CPU: total 8 (initial active 8) (4 cores per cpu, 2 threads per core) family 6 model 165 stepping 3 microcode 0xea, cx8, cmov, fxsr, ht, mmx, 3dnowpref, sse, sse2, sse3, ssse3, sse4.1, sse4.2, popcnt, lzcnt, tsc, tscinvbit, avx, avx2, aes, erms, clmul, bmi1, bmi2, adx, fma, vzeroupper, clflush, clflushopt, hv
Processor Information for all 8 processors :
  Max Mhz: 3696, Current Mhz: 3696, Mhz Limit: 3696

Memory: 4k page, system-wide physical 8021M (462M free)
TotalPageFile size 32597M (AvailPageFile size 11M)
current process WorkingSet (physical memory assigned to process): 12M, peak: 12M
current process commit charge ("private bytes"): 60M, peak: 123M

vm_info: OpenJDK 64-Bit Server VM (17.0.15+6) for windows-amd64 JRE (17.0.15+6), built on Apr 15 2025 21:25:47 by "admin" with MS VC++ 17.7 (VS2022)

END.
